PHP Warning:  Module "openssl" is already loaded in Unknown on line 0

Warning: Module "openssl" is already loaded in Unknown on line 0

  Dropping all tables  523.32ms DONE

   INFO  Preparing database.  

  Creating migration table  16.66ms DONE

   INFO  Running migrations.  

  0001_01_01_000001_create_cache_table  39.85ms DONE
  0001_01_01_000002_create_jobs_table  88.65ms DONE
  2024_01_01_000001_create_sessions_table  65.92ms DONE
  2024_01_01_000002_create_users_table  50.00ms DONE
  2024_01_01_000003_create_forums_table  85.57ms DONE
  2024_01_01_000004_create_forum_tags_table  97.36ms DONE
  2024_01_01_000005_create_forum_posts_table  202.66ms DONE
  2024_01_01_000006_create_post_attachments_table  95.28ms DONE
  2024_01_01_000007_create_post_tags_table  131.10ms DONE
  2024_01_01_000008_create_comments_table  277.27ms DONE
  2024_01_01_000009_create_reactions_table  134.18ms DONE
  2024_01_01_000010_create_saved_posts_table  404.57ms DONE
  2024_01_01_000011_create_muted_users_table  321.58ms DONE
  2024_01_01_000012_create_forum_members_table  181.89ms DONE
  2024_01_01_000013_create_conversations_table  97.41ms DONE
  2024_01_01_000014_create_conversation_participants_table  201.27ms DONE
  2024_01_01_000015_create_messages_table  189.53ms DONE
  2024_01_01_000016_create_notifications_table  106.79ms DONE
  2024_01_02_000000_create_personal_access_tokens_table  55.39ms DONE
  2024_12_09_100000_create_classrooms_table  127.55ms DONE
  2024_12_09_100001_create_lessons_table  85.63ms DONE
  2024_12_09_100002_create_enrollments_table  155.41ms DONE
  2024_12_09_100003_create_lesson_assignments_table  167.32ms DONE
  2024_12_09_100004_create_class_students_table  240.72ms DONE
  2024_12_09_100005_create_submissions_table  170.32ms DONE
  2024_12_09_100006_create_quiz_attempts_table  162.48ms DONE
  2024_12_09_100007_create_students_table  16.38ms DONE
  2024_12_09_100008_create_student_answers_table  173.59ms DONE
  2024_12_09_100009_add_points_to_users_table  27.06ms DONE
  2024_12_11_000001_create_ai_generated_content_table  149.73ms DONE
  2025_12_09_211011_fix_class_students_table_structure  151.34ms DONE
  2025_12_10_065817_add_profile_fields_to_users_table  59.30ms DONE
  2025_12_10_065824_create_friends_table  223.03ms DONE
  2025_12_10_065831_create_user_badges_table  140.20ms DONE
  2025_12_10_092237_add_edit_fields_to_comments_table  34.43ms DONE
  2025_12_10_093737_create_reports_table  189.17ms DONE
  2025_12_10_093823_add_is_hidden_to_forum_posts_table  112.75ms DONE
  2025_12_10_160000_rename_classrooms_to_classes  11.05ms DONE
  2025_12_10_173546_create_badge_categories_table  38.46ms DONE
  2025_12_10_173553_create_badges_table  126.54ms DONE
  2025_12_11_035009_fix_forum_post_type_column  155.15ms DONE
  2025_12_11_134025_create_document_table  9.44ms DONE
  2025_12_12_000001_create_activities_table  140.07ms DONE
  2025_12_12_000002_create_activity_assignments_table  158.66ms DONE
  2025_12_12_000003_add_details_to_activity_assignments_table  25.48ms DONE
  2025_12_12_085317_add_content_blocks_to_lessons_table  1.46ms FAIL

   Illuminate\Database\QueryException 

  SQLSTATE[42S02]: Base table or view not found: 1146 Table 'compuplay.lessons' doesn't exist (Connection: mysql, SQL: alter table `lessons` add `content_blocks` json null after `content`)

  at vendor\laravel\framework\src\Illuminate\Database\Connection.php:825
    821Γûò                     $this->getName(), $query, $this->prepareBindings($bindings), $e
    822Γûò                 );
    823Γûò             }
    824Γûò 
  Γ₧£ 825Γûò             throw new QueryException(
    826Γûò                 $this->getName(), $query, $this->prepareBindings($bindings), $e
    827Γûò             );
    828Γûò         }
    829Γûò     }

  1   vendor\laravel\framework\src\Illuminate\Database\Connection.php:571
      PDOException::("SQLSTATE[42S02]: Base table or view not found: 1146 Table 'compuplay.lessons' doesn't exist")

  2   vendor\laravel\framework\src\Illuminate\Database\Connection.php:571
      PDOStatement::execute()

  3   vendor\laravel\framework\src\Illuminate\Database\Connection.php:812
      Illuminate\Database\Connection::Illuminate\Database\{closure}("alter table `lessons` add `content_blocks` json null after `content`", [])

  4   vendor\laravel\framework\src\Illuminate\Database\Connection.php:779
      Illuminate\Database\Connection::runQueryCallback("alter table `lessons` add `content_blocks` json null after `content`", [], Object(Closure))

  5   vendor\laravel\framework\src\Illuminate\Database\Connection.php:560
      Illuminate\Database\Connection::run("alter table `lessons` add `content_blocks` json null after `content`", [], Object(Closure))

  6   vendor\laravel\framework\src\Illuminate\Database\Schema\Blueprint.php:118
      Illuminate\Database\Connection::statement("alter table `lessons` add `content_blocks` json null after `content`")

  7   vendor\laravel\framework\src\Illuminate\Database\Schema\Builder.php:564
      Illuminate\Database\Schema\Blueprint::build(Object(Illuminate\Database\MySqlConnection), Object(Illuminate\Database\Schema\Grammars\MySqlGrammar))

  8   vendor\laravel\framework\src\Illuminate\Database\Schema\Builder.php:406
      Illuminate\Database\Schema\Builder::build(Object(Illuminate\Database\Schema\Blueprint))

  9   vendor\laravel\framework\src\Illuminate\Support\Facades\Facade.php:361
      Illuminate\Database\Schema\Builder::table("lessons", Object(Closure))

  10  database\migrations\2025_12_12_085317_add_content_blocks_to_lessons_table.php:14
      Illuminate\Support\Facades\Facade::__callStatic("table")

  11  vendor\laravel\framework\src\Illuminate\Database\Migrations\Migrator.php:507
      Illuminate\Database\Migrations\Migration@anonymous\C:\Users\Aina Syafina\Desktop\Ketupat-Labs\database\migrations\2025_12_12_085317_add_content_blocks_to_lessons_table.php:7$178::up()

  12  vendor\laravel\framework\src\Illuminate\Database\Migrations\Migrator.php:432
      Illuminate\Database\Migrations\Migrator::runMethod(Object(Illuminate\Database\MySqlConnection), Object(Illuminate\Database\Migrations\Migration@anonymous\C:\Users\Aina Syafina\Desktop\Ketupat-Labs\database\migrations\2025_12_12_085317_add_content_blocks_to_lessons_table.php:7$178), "up")

  13  vendor\laravel\framework\src\Illuminate\Database\Migrations\Migrator.php:441
      Illuminate\Database\Migrations\Migrator::Illuminate\Database\Migrations\{closure}()

  14  vendor\laravel\framework\src\Illuminate\Database\Migrations\Migrator.php:244
      Illuminate\Database\Migrations\Migrator::runMigration(Object(Illuminate\Database\Migrations\Migration@anonymous\C:\Users\Aina Syafina\Desktop\Ketupat-Labs\database\migrations\2025_12_12_085317_add_content_blocks_to_lessons_table.php:7$178), "up")

  15  vendor\laravel\framework\src\Illuminate\Console\View\Components\Task.php:40
      Illuminate\Database\Migrations\Migrator::Illuminate\Database\Migrations\{closure}()

  16  vendor\laravel\framework\src\Illuminate\Database\Migrations\Migrator.php:798
      Illuminate\Console\View\Components\Task::render("2025_12_12_085317_add_content_blocks_to_lessons_table", Object(Closure))

  17  vendor\laravel\framework\src\Illuminate\Database\Migrations\Migrator.php:244
      Illuminate\Database\Migrations\Migrator::write("Illuminate\Console\View\Components\Task", "2025_12_12_085317_add_content_blocks_to_lessons_table", Object(Closure))

  18  vendor\laravel\framework\src\Illuminate\Database\Migrations\Migrator.php:211
      Illuminate\Database\Migrations\Migrator::runUp("C:\Users\Aina Syafina\Desktop\Ketupat-Labs\database\migrations/2025_12_12_085317_add_content_blocks_to_lessons_table.php")

  19  vendor\laravel\framework\src\Illuminate\Database\Migrations\Migrator.php:138
      Illuminate\Database\Migrations\Migrator::runPending([])

  20  vendor\laravel\framework\src\Illuminate\Database\Console\Migrations\MigrateCommand.php:117
      Illuminate\Database\Migrations\Migrator::run([])

  21  vendor\laravel\framework\src\Illuminate\Database\Migrations\Migrator.php:658
      Illuminate\Database\Console\Migrations\MigrateCommand::Illuminate\Database\Console\Migrations\{closure}()

  22  vendor\laravel\framework\src\Illuminate\Database\Console\Migrations\MigrateCommand.php:110
      Illuminate\Database\Migrations\Migrator::usingConnection(Object(Closure))

  23  vendor\laravel\framework\src\Illuminate\Database\Console\Migrations\MigrateCommand.php:89
      Illuminate\Database\Console\Migrations\MigrateCommand::runMigrations()

  24  vendor\laravel\framework\src\Illuminate\Container\BoundMethod.php:36
      Illuminate\Database\Console\Migrations\MigrateCommand::handle()

  25  vendor\laravel\framework\src\Illuminate\Container\Util.php:43
      Illuminate\Container\BoundMethod::Illuminate\Container\{closure}()

  26  vendor\laravel\framework\src\Illuminate\Container\BoundMethod.php:95
      Illuminate\Container\Util::unwrapIfClosure(Object(Closure))

  27  vendor\laravel\framework\src\Illuminate\Container\BoundMethod.php:35
      Illuminate\Container\BoundMethod::callBoundMethod(Object(Illuminate\Foundation\Application), Object(Closure))

  28  vendor\laravel\framework\src\Illuminate\Container\Container.php:696
      Illuminate\Container\BoundMethod::call(Object(Illuminate\Foundation\Application), [])

  29  vendor\laravel\framework\src\Illuminate\Console\Command.php:213
      Illuminate\Container\Container::call()

  30  vendor\symfony\console\Command\Command.php:341
      Illuminate\Console\Command::execute(Object(Symfony\Component\Console\Input\ArrayInput), Object(Illuminate\Console\OutputStyle))

  31  vendor\laravel\framework\src\Illuminate\Console\Command.php:182
      Symfony\Component\Console\Command\Command::run(Object(Symfony\Component\Console\Input\ArrayInput), Object(Illuminate\Console\OutputStyle))

  32  vendor\laravel\framework\src\Illuminate\Console\Concerns\CallsCommands.php:68
      Illuminate\Console\Command::run(Object(Symfony\Component\Console\Input\ArrayInput), Object(Illuminate\Console\OutputStyle))

  33  vendor\laravel\framework\src\Illuminate\Console\Concerns\CallsCommands.php:29
      Illuminate\Console\Command::runCommand("migrate", ["migrate"], Object(Illuminate\Console\OutputStyle))

  34  vendor\laravel\framework\src\Illuminate\Database\Console\Migrations\FreshCommand.php:82
      Illuminate\Console\Command::call("migrate", [])

  35  vendor\laravel\framework\src\Illuminate\Container\BoundMethod.php:36
      Illuminate\Database\Console\Migrations\FreshCommand::handle()

  36  vendor\laravel\framework\src\Illuminate\Container\Util.php:43
      Illuminate\Container\BoundMethod::Illuminate\Container\{closure}()

  37  vendor\laravel\framework\src\Illuminate\Container\BoundMethod.php:95
      Illuminate\Container\Util::unwrapIfClosure(Object(Closure))

  38  vendor\laravel\framework\src\Illuminate\Container\BoundMethod.php:35
      Illuminate\Container\BoundMethod::callBoundMethod(Object(Illuminate\Foundation\Application), Object(Closure))

  39  vendor\laravel\framework\src\Illuminate\Container\Container.php:696
      Illuminate\Container\BoundMethod::call(Object(Illuminate\Foundation\Application), [])

  40  vendor\laravel\framework\src\Illuminate\Console\Command.php:213
      Illuminate\Container\Container::call()

  41  vendor\symfony\console\Command\Command.php:341
      Illuminate\Console\Command::execute(Object(Symfony\Component\Console\Input\ArgvInput), Object(Illuminate\Console\OutputStyle))

  42  vendor\laravel\framework\src\Illuminate\Console\Command.php:182
      Symfony\Component\Console\Command\Command::run(Object(Symfony\Component\Console\Input\ArgvInput), Object(Illuminate\Console\OutputStyle))

  43  vendor\symfony\console\Application.php:1102
      Illuminate\Console\Command::run(Object(Symfony\Component\Console\Input\ArgvInput), Object(Symfony\Component\Console\Output\ConsoleOutput))

  44  vendor\symfony\console\Application.php:356
      Symfony\Component\Console\Application::doRunCommand(Object(Illuminate\Database\Console\Migrations\FreshCommand), Object(Symfony\Component\Console\Input\ArgvInput), Object(Symfony\Component\Console\Output\ConsoleOutput))

  45  vendor\symfony\console\Application.php:195
      Symfony\Component\Console\Application::doRun(Object(Symfony\Component\Console\Input\ArgvInput), Object(Symfony\Component\Console\Output\ConsoleOutput))

  46  vendor\laravel\framework\src\Illuminate\Foundation\Console\Kernel.php:198
      Symfony\Component\Console\Application::run(Object(Symfony\Component\Console\Input\ArgvInput), Object(Symfony\Component\Console\Output\ConsoleOutput))

  47  artisan:35
      Illuminate\Foundation\Console\Kernel::handle(Object(Symfony\Component\Console\Input\ArgvInput), Object(Symfony\Component\Console\Output\ConsoleOutput))

