
  Dropping all tables  128.63ms DONE

   INFO  Preparing database.

  Creating migration table  13.42ms DONE

   INFO  Running migrations.

  0001_01_01_000001_create_cache_table  14.94ms DONE
  0001_01_01_000002_create_jobs_table  46.96ms DONE
  2024_01_01_000001_create_sessions_table  34.12ms DONE
  2024_01_01_000002_create_users_table  22.34ms DONE
  2024_01_01_000003_create_forums_table  45.41ms DONE
  2024_01_01_000004_create_forum_tags_table  52.44ms DONE
  2024_01_01_000005_create_forum_posts_table  110.90ms DONE
  2024_01_01_000006_create_post_attachments_table  60.49ms DONE
  2024_01_01_000007_create_post_tags_table  40.09ms DONE
  2024_01_01_000008_create_comments_table  7.96ms FAIL

   Illuminate\Database\QueryException

  SQLSTATE[HY000]: General error: 1813 Tablespace for table '`compuplay`.`comment`' exists. Please DISCARD the tablespace before IMPORT (Connection: mysql, SQL: create table `comment` (`id` bigint unsigned not null auto_increment primary key, `post_id` bigint unsigned not null, `author_id` bigint unsigned not null, `parent_id` bigint unsigned null, `content` text not null, `is_deleted` tinyint(1) not null default '0', `deleted_at` timestamp null, `reaction_count` int not null default '0', `created_at` timestamp null, `updated_at` timestamp null) default character set utf8mb4 collate 'utf8mb4_unicode_ci')

  at vendor\laravel\framework\src\Illuminate\Database\Connection.php:825
    821▕                     $this->getName(), $query, $this->prepareBindings($bindings), $e
    822▕                 );
    823▕             }
    824▕
  ➜ 825▕             throw new QueryException(
    826▕                 $this->getName(), $query, $this->prepareBindings($bindings), $e
    827▕             );
    828▕         }
    829▕     }

  1   vendor\laravel\framework\src\Illuminate\Database\Connection.php:571
      PDOException::("SQLSTATE[HY000]: General error: 1813 Tablespace for table '`compuplay`.`comment`' exists. Please DISCARD the tablespace before IMPORT")

  2   vendor\laravel\framework\src\Illuminate\Database\Connection.php:571
      PDOStatement::execute()

  3   vendor\laravel\framework\src\Illuminate\Database\Connection.php:812
      Illuminate\Database\Connection::Illuminate\Database\{closure}("create table `comment` (`id` bigint unsigned not null auto_increment primary key, `post_id` bigint unsigned not null, `author_id` bigint unsigned not null, `parent_id` bigint unsigned null, `content` text not null, `is_deleted` tinyint(1) not null default '0', `deleted_at` timestamp null, `reaction_count` int not null default '0', `created_at` timestamp null, `updated_at` timestamp null) default character set utf8mb4 collate 'utf8mb4_unicode_ci'", [])

  4   vendor\laravel\framework\src\Illuminate\Database\Connection.php:779
      Illuminate\Database\Connection::runQueryCallback("create table `comment` (`id` bigint unsigned not null auto_increment primary key, `post_id` bigint unsigned not null, `author_id` bigint unsigned not null, `parent_id` bigint unsigned null, `content` text not null, `is_deleted` tinyint(1) not null default '0', `deleted_at` timestamp null, `reaction_count` int not null default '0', `created_at` timestamp null, `updated_at` timestamp null) default character set utf8mb4 collate 'utf8mb4_unicode_ci'", [], Object(Closure))

  5   vendor\laravel\framework\src\Illuminate\Database\Connection.php:560
      Illuminate\Database\Connection::run("create table `comment` (`id` bigint unsigned not null auto_increment primary key, `post_id` bigint unsigned not null, `author_id` bigint unsigned not null, `parent_id` bigint unsigned null, `content` text not null, `is_deleted` tinyint(1) not null default '0', `deleted_at` timestamp null, `reaction_count` int not null default '0', `created_at` timestamp null, `updated_at` timestamp null) default character set utf8mb4 collate 'utf8mb4_unicode_ci'", [], Object(Closure))

  6   vendor\laravel\framework\src\Illuminate\Database\Schema\Blueprint.php:118
      Illuminate\Database\Connection::statement("create table `comment` (`id` bigint unsigned not null auto_increment primary key, `post_id` bigint unsigned not null, `author_id` bigint unsigned not null, `parent_id` bigint unsigned null, `content` text not null, `is_deleted` tinyint(1) not null default '0', `deleted_at` timestamp null, `reaction_count` int not null default '0', `created_at` timestamp null, `updated_at` timestamp null) default character set utf8mb4 collate 'utf8mb4_unicode_ci'")

  7   vendor\laravel\framework\src\Illuminate\Database\Schema\Builder.php:564
      Illuminate\Database\Schema\Blueprint::build(Object(Illuminate\Database\MySqlConnection), Object(Illuminate\Database\Schema\Grammars\MySqlGrammar))

  8   vendor\laravel\framework\src\Illuminate\Database\Schema\Builder.php:418
      Illuminate\Database\Schema\Builder::build(Object(Illuminate\Database\Schema\Blueprint))

  9   vendor\laravel\framework\src\Illuminate\Support\Facades\Facade.php:361
      Illuminate\Database\Schema\Builder::create("comment", Object(Closure))

  10  database\migrations\2024_01_01_000008_create_comments_table.php:11
      Illuminate\Support\Facades\Facade::__callStatic("create")

  11  vendor\laravel\framework\src\Illuminate\Database\Migrations\Migrator.php:507
      Illuminate\Database\Migrations\Migration@anonymous\C:\xampp\htdocs\Ketupat-Labs-main\database\migrations\2024_01_01_000008_create_comments_table.php:7$16b::up()

  12  vendor\laravel\framework\src\Illuminate\Database\Migrations\Migrator.php:432
      Illuminate\Database\Migrations\Migrator::runMethod(Object(Illuminate\Database\MySqlConnection), Object(Illuminate\Database\Migrations\Migration@anonymous\C:\xampp\htdocs\Ketupat-Labs-main\database\migrations\2024_01_01_000008_create_comments_table.php:7$16b), "up")

  13  vendor\laravel\framework\src\Illuminate\Database\Migrations\Migrator.php:441
      Illuminate\Database\Migrations\Migrator::Illuminate\Database\Migrations\{closure}()

  14  vendor\laravel\framework\src\Illuminate\Database\Migrations\Migrator.php:244
      Illuminate\Database\Migrations\Migrator::runMigration(Object(Illuminate\Database\Migrations\Migration@anonymous\C:\xampp\htdocs\Ketupat-Labs-main\database\migrations\2024_01_01_000008_create_comments_table.php:7$16b), "up")

  15  vendor\laravel\framework\src\Illuminate\Console\View\Components\Task.php:40
      Illuminate\Database\Migrations\Migrator::Illuminate\Database\Migrations\{closure}()

  16  vendor\laravel\framework\src\Illuminate\Database\Migrations\Migrator.php:798
      Illuminate\Console\View\Components\Task::render("2024_01_01_000008_create_comments_table", Object(Closure))

  17  vendor\laravel\framework\src\Illuminate\Database\Migrations\Migrator.php:244
      Illuminate\Database\Migrations\Migrator::write("Illuminate\Console\View\Components\Task", "2024_01_01_000008_create_comments_table", Object(Closure))

  18  vendor\laravel\framework\src\Illuminate\Database\Migrations\Migrator.php:211
      Illuminate\Database\Migrations\Migrator::runUp("C:\xampp\htdocs\Ketupat-Labs-main\database\migrations/2024_01_01_000008_create_comments_table.php")

  19  vendor\laravel\framework\src\Illuminate\Database\Migrations\Migrator.php:138
      Illuminate\Database\Migrations\Migrator::runPending([])

  20  vendor\laravel\framework\src\Illuminate\Database\Console\Migrations\MigrateCommand.php:117
      Illuminate\Database\Migrations\Migrator::run([])

  21  vendor\laravel\framework\src\Illuminate\Database\Migrations\Migrator.php:658
      Illuminate\Database\Console\Migrations\MigrateCommand::Illuminate\Database\Console\Migrations\{closure}()

  22  vendor\laravel\framework\src\Illuminate\Database\Console\Migrations\MigrateCommand.php:110
      Illuminate\Database\Migrations\Migrator::usingConnection(Object(Closure))

  23  vendor\laravel\framework\src\Illuminate\Database\Console\Migrations\MigrateCommand.php:89
      Illuminate\Database\Console\Migrations\MigrateCommand::runMigrations()

  24  vendor\laravel\framework\src\Illuminate\Container\BoundMethod.php:36
      Illuminate\Database\Console\Migrations\MigrateCommand::handle()

  25  vendor\laravel\framework\src\Illuminate\Container\Util.php:43
      Illuminate\Container\BoundMethod::Illuminate\Container\{closure}()

  26  vendor\laravel\framework\src\Illuminate\Container\BoundMethod.php:95
      Illuminate\Container\Util::unwrapIfClosure(Object(Closure))

  27  vendor\laravel\framework\src\Illuminate\Container\BoundMethod.php:35
      Illuminate\Container\BoundMethod::callBoundMethod(Object(Illuminate\Foundation\Application), Object(Closure))

  28  vendor\laravel\framework\src\Illuminate\Container\Container.php:696
      Illuminate\Container\BoundMethod::call(Object(Illuminate\Foundation\Application), [])

  29  vendor\laravel\framework\src\Illuminate\Console\Command.php:213
      Illuminate\Container\Container::call()

  30  vendor\symfony\console\Command\Command.php:341
      Illuminate\Console\Command::execute(Object(Symfony\Component\Console\Input\ArrayInput), Object(Illuminate\Console\OutputStyle))

  31  vendor\laravel\framework\src\Illuminate\Console\Command.php:182
      Symfony\Component\Console\Command\Command::run(Object(Symfony\Component\Console\Input\ArrayInput), Object(Illuminate\Console\OutputStyle))

  32  vendor\laravel\framework\src\Illuminate\Console\Concerns\CallsCommands.php:68
      Illuminate\Console\Command::run(Object(Symfony\Component\Console\Input\ArrayInput), Object(Illuminate\Console\OutputStyle))

  33  vendor\laravel\framework\src\Illuminate\Console\Concerns\CallsCommands.php:29
      Illuminate\Console\Command::runCommand("migrate", ["migrate"], Object(Illuminate\Console\OutputStyle))

  34  vendor\laravel\framework\src\Illuminate\Database\Console\Migrations\FreshCommand.php:82
      Illuminate\Console\Command::call("migrate", [])

  35  vendor\laravel\framework\src\Illuminate\Container\BoundMethod.php:36
      Illuminate\Database\Console\Migrations\FreshCommand::handle()

  36  vendor\laravel\framework\src\Illuminate\Container\Util.php:43
      Illuminate\Container\BoundMethod::Illuminate\Container\{closure}()

  37  vendor\laravel\framework\src\Illuminate\Container\BoundMethod.php:95
      Illuminate\Container\Util::unwrapIfClosure(Object(Closure))

  38  vendor\laravel\framework\src\Illuminate\Container\BoundMethod.php:35
      Illuminate\Container\BoundMethod::callBoundMethod(Object(Illuminate\Foundation\Application), Object(Closure))

  39  vendor\laravel\framework\src\Illuminate\Container\Container.php:696
      Illuminate\Container\BoundMethod::call(Object(Illuminate\Foundation\Application), [])

  40  vendor\laravel\framework\src\Illuminate\Console\Command.php:213
      Illuminate\Container\Container::call()

  41  vendor\symfony\console\Command\Command.php:341
      Illuminate\Console\Command::execute(Object(Symfony\Component\Console\Input\ArgvInput), Object(Illuminate\Console\OutputStyle))

  42  vendor\laravel\framework\src\Illuminate\Console\Command.php:182
      Symfony\Component\Console\Command\Command::run(Object(Symfony\Component\Console\Input\ArgvInput), Object(Illuminate\Console\OutputStyle))

  43  vendor\symfony\console\Application.php:1102
      Illuminate\Console\Command::run(Object(Symfony\Component\Console\Input\ArgvInput), Object(Symfony\Component\Console\Output\ConsoleOutput))

  44  vendor\symfony\console\Application.php:356
      Symfony\Component\Console\Application::doRunCommand(Object(Illuminate\Database\Console\Migrations\FreshCommand), Object(Symfony\Component\Console\Input\ArgvInput), Object(Symfony\Component\Console\Output\ConsoleOutput))

  45  vendor\symfony\console\Application.php:195
      Symfony\Component\Console\Application::doRun(Object(Symfony\Component\Console\Input\ArgvInput), Object(Symfony\Component\Console\Output\ConsoleOutput))

  46  vendor\laravel\framework\src\Illuminate\Foundation\Console\Kernel.php:198
      Symfony\Component\Console\Application::run(Object(Symfony\Component\Console\Input\ArgvInput), Object(Symfony\Component\Console\Output\ConsoleOutput))

  47  artisan:35
      Illuminate\Foundation\Console\Kernel::handle(Object(Symfony\Component\Console\Input\ArgvInput), Object(Symfony\Component\Console\Output\ConsoleOutput))
